<html>
<head>
<title>TestNG:  Run on Chrome</title>
<link href="../testng.css" rel="stylesheet" type="text/css" />
<link href="../my-testng.css" rel="stylesheet" type="text/css" />

<style type="text/css">
.log { display: none;} 
.stack-trace { display: none;} 
</style>
<script type="text/javascript">
<!--
function flip(e) {
  current = e.style.display;
  if (current == 'block') {
    e.style.display = 'none';
    return 0;
  }
  else {
    e.style.display = 'block';
    return 1;
  }
}

function toggleBox(szDivId, elem, msg1, msg2)
{
  var res = -1;  if (document.getElementById) {
    res = flip(document.getElementById(szDivId));
  }
  else if (document.all) {
    // this is the way old msie versions work
    res = flip(document.all[szDivId]);
  }
  if(elem) {
    if(res == 0) elem.innerHTML = msg1; else elem.innerHTML = msg2;
  }

}

function toggleAllBoxes() {
  if (document.getElementsByTagName) {
    d = document.getElementsByTagName('div');
    for (i = 0; i < d.length; i++) {
      if (d[i].className == 'log') {
        flip(d[i]);
      }
    }
  }
}

// -->
</script>

</head>
<body>
<h2 align='center'>Run on Chrome</h2><table border='1' align="center">
<tr>
<td>Tests passed/Failed/Skipped:</td><td>2/1/0</td>
</tr><tr>
<td>Started on:</td><td>Tue Apr 18 23:41:47 ICT 2017</td>
</tr>
<tr><td>Total time:</td><td>40 seconds (40989 ms)</td>
</tr><tr>
<td>Included groups:</td><td></td>
</tr><tr>
<td>Excluded groups:</td><td></td>
</tr>
</table><p/>
<small><i>(Hover the method name to see the test class name)</i></small><p/>
<table width='100%' border='1' class='invocation-failed'>
<tr><td colspan='4' align='center'><b>FAILED TESTS</b></td></tr>
<tr><td><b>Test method</b></td>
<td width="30%"><b>Exception</b></td>
<td width="10%"><b>Time (seconds)</b></td>
<td><b>Instance</b></td>
</tr>
<tr>
<td title='com.guru.testcases.LoginTest.TC_01_CreateNewCustomerAccountAndGetID()'><b>TC_01_CreateNewCustomerAccountAndGetID</b><br>Test class: com.guru.testcases.LoginTest<br/>
<a href="#Output-2033268925" onClick='toggleBox("Output-2033268925", this, "Show output", "Hide output");'>Show output</a>

<a href="#Output-2033268925" onClick="toggleAllBoxes();">Show all outputs</a>
<div class='log' id="Output-2033268925">
2017-04-18 23:41:55,577 INFO  LoginTest - Check UI Home Page
<br/>
2017-04-18 23:41:57,717 INFO  LoginTest - TC_01 - Step 01: Go to New Customer Page
<br/>
2017-04-18 23:41:59,116 INFO  LoginTest - TC_01 - Check UI New Customer Page
<br/>
2017-04-18 23:42:00,062 INFO  LoginTest - TC_01 - Step 02: Input 'CUSTOMER NAME'
<br/>
2017-04-18 23:42:01,252 INFO  LoginTest - TC_01 - Step 03: Choose 'GENDER'
<br/>
2017-04-18 23:42:02,378 INFO  LoginTest - TC_01 - Step 04: Input 'DATE OF BIRTH'
<br/>
2017-04-18 23:42:03,550 INFO  LoginTest - TC_01 - Step 05: Input 'ADDRESS'
<br/>
2017-04-18 23:42:04,742 INFO  LoginTest - TC_01 - Step 06: Input 'CITY'
<br/>
2017-04-18 23:42:05,906 INFO  LoginTest - TC_01 - Step 07: Input 'STATE'
<br/>
2017-04-18 23:42:07,070 INFO  LoginTest - TC_01 - Step 08: Input 'PIN'
<br/>
2017-04-18 23:42:08,223 INFO  LoginTest - TC_01 - Step 09: Input 'MOBILE'
<br/>
2017-04-18 23:42:09,379 INFO  LoginTest - TC_01 - Step 10: Input 'EMAIL'
<br/>
2017-04-18 23:42:10,595 INFO  LoginTest - TC_01 - Step 11: Input 'PASSWORD'
<br/>
2017-04-18 23:42:11,749 INFO  LoginTest - TC_01 - Step 12: Click 'SUBMIT' button
<br/>
2017-04-18 23:42:12,889 INFO  LoginTest - TC_01 - Step 13: Get value 'CUSTOMER ID'
<br/>
2017-04-18 23:42:12,991 INFO  LoginTest - TC_01 - Step 14: Verify message displayed
<br/>
2017-04-18 23:42:13,057 INFO  LoginTest - ==Verify condition is PASSED==
<br/>
</div>
</td>
<td><div><pre>java.lang.AssertionError: Layout test failed
	at common.AbstractPage.checkUIpage(AbstractPage.java:82)
	at demoGuruPages.HomePage.checkUI(HomePage.java:22)
	at com.guru.testcases.LoginTest.TC_01_CreateNewCustomerAccountAndGetID(LoginTest.java:88)
... Removed 25 stack frames</pre></div><a href='#' onClick='toggleBox("stack-trace2033268925", this, "Click to show all stack frames", "Click to hide stack frames")'>Click to show all stack frames</a>
<div class='stack-trace' id='stack-trace2033268925'><pre>java.lang.AssertionError: Layout test failed
	at org.testng.Assert.fail(Assert.java:94)
	at common.AbstractPage.checkUIpage(AbstractPage.java:82)
	at demoGuruPages.HomePage.checkUI(HomePage.java:22)
	at com.guru.testcases.LoginTest.TC_01_CreateNewCustomerAccountAndGetID(LoginTest.java:88)
	at sun.reflect.NativeMethodAccessorImpl.invoke0(Native Method)
	at sun.reflect.NativeMethodAccessorImpl.invoke(NativeMethodAccessorImpl.java:62)
	at sun.reflect.DelegatingMethodAccessorImpl.invoke(DelegatingMethodAccessorImpl.java:43)
	at java.lang.reflect.Method.invoke(Method.java:498)
	at org.testng.internal.MethodInvocationHelper.invokeMethod(MethodInvocationHelper.java:80)
	at org.testng.internal.Invoker.invokeMethod(Invoker.java:714)
	at org.testng.internal.Invoker.invokeTestMethod(Invoker.java:901)
	at org.testng.internal.Invoker.invokeTestMethods(Invoker.java:1231)
	at org.testng.internal.TestMethodWorker.invokeTestMethods(TestMethodWorker.java:127)
	at org.testng.internal.TestMethodWorker.run(TestMethodWorker.java:111)
	at org.testng.TestRunner.privateRun(TestRunner.java:767)
	at org.testng.TestRunner.run(TestRunner.java:617)
	at org.testng.SuiteRunner.runTest(SuiteRunner.java:334)
	at org.testng.SuiteRunner.runSequentially(SuiteRunner.java:329)
	at org.testng.SuiteRunner.privateRun(SuiteRunner.java:291)
	at org.testng.SuiteRunner.run(SuiteRunner.java:240)
	at org.testng.SuiteRunnerWorker.runSuite(SuiteRunnerWorker.java:52)
	at org.testng.SuiteRunnerWorker.run(SuiteRunnerWorker.java:86)
	at org.testng.TestNG.runSuitesSequentially(TestNG.java:1198)
	at org.testng.TestNG.runSuitesLocally(TestNG.java:1123)
	at org.testng.TestNG.run(TestNG.java:1031)
	at org.testng.remote.AbstractRemoteTestNG.run(AbstractRemoteTestNG.java:132)
	at org.testng.remote.RemoteTestNG.initAndRun(RemoteTestNG.java:230)
	at org.testng.remote.RemoteTestNG.main(RemoteTestNG.java:76)
</pre></div></td>
<td>17</td>
<td>com.guru.testcases.LoginTest@4145bad8</td></tr>
</table><p>
<table width='100%' border='1' class='invocation-passed'>
<tr><td colspan='4' align='center'><b>PASSED TESTS</b></td></tr>
<tr><td><b>Test method</b></td>
<td width="30%"><b>Exception</b></td>
<td width="10%"><b>Time (seconds)</b></td>
<td><b>Instance</b></td>
</tr>
<tr>
<td title='com.guru.testcases.LoginTest.TC_03_AddNewAccountAndGetAccountID()'><b>TC_03_AddNewAccountAndGetAccountID</b><br>Test class: com.guru.testcases.LoginTest<br/>
<a href="#Output-670689666" onClick='toggleBox("Output-670689666", this, "Show output", "Hide output");'>Show output</a>

<a href="#Output-670689666" onClick="toggleAllBoxes();">Show all outputs</a>
<div class='log' id="Output-670689666">
2017-04-18 23:42:13,073 INFO  LoginTest - Running TC_03: Add new account and check created successfully, then verify 'Current Amount' and 'Initial Deposit' are equal
<br/>
2017-04-18 23:42:13,073 INFO  LoginTest - TC_03 - Step 01: Go to New Account Page
<br/>
2017-04-18 23:42:15,471 INFO  LoginTest - TC_03 - Step 02: Input 'CUSTOMER NAME'
<br/>
2017-04-18 23:42:16,616 INFO  LoginTest - TC_03 - Step 03: Select 'CUSTOMER NAME'
<br/>
2017-04-18 23:42:16,758 INFO  LoginTest - TC_03 - Step 04: Input 'INITIAL DEPOSIT'
<br/>
2017-04-18 23:42:17,898 INFO  LoginTest - TC_03 - Step 05: Click 'SUBMIT' button
<br/>
2017-04-18 23:42:18,771 INFO  LoginTest - TC_03 - Step 06: Verify message displays with content 'Account Generated Successfully!!!'
<br/>
2017-04-18 23:42:18,836 INFO  LoginTest - ==Verify condition is PASSED==
<br/>
2017-04-18 23:42:18,836 INFO  LoginTest - TC_03 - Step 07: Get value 'ACCOUNT ID'
<br/>
2017-04-18 23:42:18,928 INFO  LoginTest - TC_03 - Step 08: Verify 'CURRENT AMOUNT' and 'INITIAL DEPOSIT' are equal
<br/>
2017-04-18 23:42:19,017 INFO  LoginTest - ==Verify condition is PASSED==
<br/>
</div>
</td>
<td></td>
<td>5</td>
<td>com.guru.testcases.LoginTest@4145bad8</td></tr>
<tr>
<td title='com.guru.testcases.LoginTest.TC_04_TransferMoneyIntoCurrentAccount()'><b>TC_04_TransferMoneyIntoCurrentAccount</b><br>Test class: com.guru.testcases.LoginTest<br/>
<a href="#Output-85121323" onClick='toggleBox("Output-85121323", this, "Show output", "Hide output");'>Show output</a>

<a href="#Output-85121323" onClick="toggleAllBoxes();">Show all outputs</a>
<div class='log' id="Output-85121323">
2017-04-18 23:42:19,020 INFO  LoginTest - Running TC_04: Transfer money into a current account and check account balance equal 55,000
<br/>
2017-04-18 23:42:19,020 INFO  LoginTest - TC_04 - Step 01: Go to Deposite Page
<br/>
2017-04-18 23:42:21,605 INFO  LoginTest - TC_04 - Step 02: Input 'ACCOUNT NUMBER'
<br/>
2017-04-18 23:42:23,749 INFO  LoginTest - TC_04 - Step 03: Input 'AMOUNT'
<br/>
2017-04-18 23:42:24,891 INFO  LoginTest - TC_04 - Step 04: Input 'DESCRIPTION'
<br/>
2017-04-18 23:42:26,041 INFO  LoginTest - TC_04 - Step 05: Click 'SUBMIT' button
<br/>
2017-04-18 23:42:26,658 INFO  LoginTest - TC_04 - Step 06: Verify message displays
<br/>
2017-04-18 23:42:26,723 INFO  LoginTest - ==Verify condition is PASSED==
<br/>
2017-04-18 23:42:26,723 INFO  LoginTest - TC_04 - Step 07: Verify 'AMOUNT CREDITED' equal 5,000
<br/>
2017-04-18 23:42:26,816 INFO  LoginTest - ==Verify condition is PASSED==
<br/>
2017-04-18 23:42:26,816 INFO  LoginTest - TC_04 - Step 08: Verify 'CURRENT BALANCE' equal 55,000
<br/>
2017-04-18 23:42:26,910 INFO  LoginTest - ==Verify condition is PASSED==
<br/>
</div>
</td>
<td></td>
<td>7</td>
<td>com.guru.testcases.LoginTest@4145bad8</td></tr>
</table><p>
</body>
</html>