<?xml version="1.0" encoding="UTF-8"?>
<testsuite xmlns:xsi="http://www.w3.org/2001/XMLSchema-instance" xsi:schemaLocation="https://maven.apache.org/surefire/maven-surefire-plugin/xsd/surefire-test-report.xsd" name="TestSuite" time="42.156" tests="3" errors="0" skipped="0" failures="1">
  <properties>
    <property name="java.runtime.name" value="Java(TM) SE Runtime Environment"/>
    <property name="sun.boot.library.path" value="C:\Program Files\Java\jdk1.8.0_77\jre\bin"/>
    <property name="java.vm.version" value="25.77-b03"/>
    <property name="java.vm.vendor" value="Oracle Corporation"/>
    <property name="maven.multiModuleProjectDirectory" value="D:\SELENIUM\BDD_SELENI_PROJ"/>
    <property name="java.vendor.url" value="http://java.oracle.com/"/>
    <property name="path.separator" value=";"/>
    <property name="guice.disable.misplaced.annotation.check" value="true"/>
    <property name="java.vm.name" value="Java HotSpot(TM) 64-Bit Server VM"/>
    <property name="file.encoding.pkg" value="sun.io"/>
    <property name="user.script" value=""/>
    <property name="user.country" value="US"/>
    <property name="sun.java.launcher" value="SUN_STANDARD"/>
    <property name="sun.os.patch.level" value=""/>
    <property name="java.vm.specification.name" value="Java Virtual Machine Specification"/>
    <property name="user.dir" value="D:\SELENIUM\BDD_SELENI_PROJ"/>
    <property name="java.runtime.version" value="1.8.0_77-b03"/>
    <property name="java.awt.graphicsenv" value="sun.awt.Win32GraphicsEnvironment"/>
    <property name="java.endorsed.dirs" value="C:\Program Files\Java\jdk1.8.0_77\jre\lib\endorsed"/>
    <property name="os.arch" value="amd64"/>
    <property name="java.io.tmpdir" value="C:\Users\sangmai\AppData\Local\Temp\"/>
    <property name="line.separator" value="&#10;"/>
    <property name="java.vm.specification.vendor" value="Oracle Corporation"/>
    <property name="user.variant" value=""/>
    <property name="os.name" value="Windows 10"/>
    <property name="classworlds.conf" value="C:\Users\sangmai\workspace\.metadata\.plugins\org.eclipse.m2e.launching\launches\m2conf2767576781381910126.tmp"/>
    <property name="sun.jnu.encoding" value="Cp1252"/>
    <property name="java.library.path" value="C:\Program Files\Java\jdk1.8.0_77\bin;C:\WINDOWS\Sun\Java\bin;C:\WINDOWS\system32;C:\WINDOWS;C:/Program Files/Java/jre1.8.0_121/bin/server;C:/Program Files/Java/jre1.8.0_121/bin;C:/Program Files/Java/jre1.8.0_121/lib/amd64;C:\ProgramData\Oracle\Java\javapath;C:\Program Files (x86)\Intel\iCLS Client\;C:\Program Files\Intel\iCLS Client\;C:\WINDOWS\system32;C:\WINDOWS;C:\WINDOWS\System32\Wbem;C:\WINDOWS\System32\WindowsPowerShell\v1.0\;C:\Program Files (x86)\NVIDIA Corporation\PhysX\Common;C:\Program Files\Intel\Intel(R) Management Engine Components\DAL;C:\Program Files (x86)\Intel\Intel(R) Management Engine Components\DAL;C:\Program Files\Intel\Intel(R) Management Engine Components\IPT;C:\Program Files (x86)\Intel\Intel(R) Management Engine Components\IPT;C:\Program Files (x86)\QuickTime\QTSystem\;C:\Program Files\nodejs\;C:\WINDOWS\system32;C:\WINDOWS;C:\WINDOWS\System32\Wbem;C:\WINDOWS\System32\WindowsPowerShell\v1.0\;C:\Program Files (x86)\Skype\Phone\;D:\apache-maven-3.3.9\bin;C:\Program Files\Git\cmd;C:\Users\sangmai\AppData\Local\Microsoft\WindowsApps;;C:\Users\sangmai\Desktop;;."/>
    <property name="java.specification.name" value="Java Platform API Specification"/>
    <property name="java.class.version" value="52.0"/>
    <property name="sun.management.compiler" value="HotSpot 64-Bit Tiered Compilers"/>
    <property name="os.version" value="10.0"/>
    <property name="user.home" value="C:\Users\sangmai"/>
    <property name="user.timezone" value="Asia/Bangkok"/>
    <property name="java.awt.printerjob" value="sun.awt.windows.WPrinterJob"/>
    <property name="java.specification.version" value="1.8"/>
    <property name="file.encoding" value="Cp1252"/>
    <property name="user.name" value="sangmai"/>
    <property name="java.class.path" value="/C:/Users/sangmai/eclipse/java-neon/eclipse/../../../.p2/pool/plugins/org.eclipse.m2e.maven.runtime_1.7.0.20160603-1931/jars/plexus-classworlds-2.5.2.jar"/>
    <property name="java.vm.specification.version" value="1.8"/>
    <property name="sun.arch.data.model" value="64"/>
    <property name="java.home" value="C:\Program Files\Java\jdk1.8.0_77\jre"/>
    <property name="sun.java.command" value="org.codehaus.plexus.classworlds.launcher.Launcher -B install"/>
    <property name="java.specification.vendor" value="Oracle Corporation"/>
    <property name="user.language" value="en"/>
    <property name="awt.toolkit" value="sun.awt.windows.WToolkit"/>
    <property name="java.vm.info" value="mixed mode"/>
    <property name="java.version" value="1.8.0_77"/>
    <property name="java.ext.dirs" value="C:\Program Files\Java\jdk1.8.0_77\jre\lib\ext;C:\WINDOWS\Sun\Java\lib\ext"/>
    <property name="sun.boot.class.path" value="C:\Program Files\Java\jdk1.8.0_77\jre\lib\resources.jar;C:\Program Files\Java\jdk1.8.0_77\jre\lib\rt.jar;C:\Program Files\Java\jdk1.8.0_77\jre\lib\sunrsasign.jar;C:\Program Files\Java\jdk1.8.0_77\jre\lib\jsse.jar;C:\Program Files\Java\jdk1.8.0_77\jre\lib\jce.jar;C:\Program Files\Java\jdk1.8.0_77\jre\lib\charsets.jar;C:\Program Files\Java\jdk1.8.0_77\jre\lib\jfr.jar;C:\Program Files\Java\jdk1.8.0_77\jre\classes"/>
    <property name="java.vendor" value="Oracle Corporation"/>
    <property name="maven.home" value="D:\SELENIUM\BDD_SELENI_PROJ\EMBEDDED"/>
    <property name="file.separator" value="\"/>
    <property name="java.vendor.url.bug" value="http://bugreport.sun.com/bugreport/"/>
    <property name="sun.cpu.endian" value="little"/>
    <property name="sun.io.unicode.encoding" value="UnicodeLittle"/>
    <property name="sun.desktop" value="windows"/>
    <property name="sun.cpu.isalist" value="amd64"/>
  </properties>
  <testcase name="TC_01_CreateNewCustomerAccountAndGetID" classname="com.guru.testcases.LoginTest" time="17.513">
    <failure message="Layout test failed" type="java.lang.AssertionError">java.lang.AssertionError: Layout test failed
	at com.guru.testcases.LoginTest.TC_01_CreateNewCustomerAccountAndGetID(LoginTest.java:88)
</failure>
    <system-out><![CDATA[TC_04_TransferMoneyIntoCurrentAccount is running
TC_03_AddNewAccountAndGetAccountID is running
TC_01_CreateNewCustomerAccountAndGetID is running
2017-04-15 22:23:29,381 INFO  LoginTest - Pre-condition - Step 01: Login to HomePage
2017-04-15 22:23:32,670 INFO  LoginTest - Check UI Home Page
2017-04-15 22:23:34,829 INFO  LoginTest - TC_01 - Step 01: Go to New Customer Page
2017-04-15 22:23:36,226 INFO  LoginTest - TC_01 - Check UI New Customer Page
2017-04-15 22:23:37,159 INFO  LoginTest - TC_01 - Step 02: Input 'CUSTOMER NAME'
2017-04-15 22:23:38,374 INFO  LoginTest - TC_01 - Step 03: Choose 'GENDER'
2017-04-15 22:23:39,508 INFO  LoginTest - TC_01 - Step 04: Input 'DATE OF BIRTH'
2017-04-15 22:23:40,678 INFO  LoginTest - TC_01 - Step 05: Input 'ADDRESS'
2017-04-15 22:23:41,861 INFO  LoginTest - TC_01 - Step 06: Input 'CITY'
2017-04-15 22:23:43,013 INFO  LoginTest - TC_01 - Step 07: Input 'STATE'
2017-04-15 22:23:44,187 INFO  LoginTest - TC_01 - Step 08: Input 'PIN'
2017-04-15 22:23:45,339 INFO  LoginTest - TC_01 - Step 09: Input 'MOBILE'
2017-04-15 22:23:46,507 INFO  LoginTest - TC_01 - Step 10: Input 'EMAIL'
2017-04-15 22:23:47,724 INFO  LoginTest - TC_01 - Step 11: Input 'PASSWORD'
2017-04-15 22:23:48,884 INFO  LoginTest - TC_01 - Step 12: Click 'SUBMIT' button
2017-04-15 22:23:49,995 INFO  LoginTest - TC_01 - Step 13: Get value 'CUSTOMER ID'
2017-04-15 22:23:50,096 INFO  LoginTest - TC_01 - Step 14: Verify message displayed
2017-04-15 22:23:50,166 INFO  LoginTest - ==Verify condition is PASSED==
]]></system-out>
    <system-err><![CDATA[Starting ChromeDriver 2.28.455520 (cc17746adff54984afff480136733114c6b3704b) on port 45280
Only local connections are allowed.
]]></system-err>
  </testcase>
  <testcase name="TC_03_AddNewAccountAndGetAccountID" classname="com.guru.testcases.LoginTest" time="5.92"/>
  <testcase name="TC_04_TransferMoneyIntoCurrentAccount" classname="com.guru.testcases.LoginTest" time="8.171"/>
</testsuite>